<?xml version="1.0" encoding="UTF-8"?>
<testsuite xmlns:xsi="http://www.w3.org/2001/XMLSchema-instance" xsi:noNamespaceSchemaLocation="https://maven.apache.org/surefire/maven-surefire-plugin/xsd/surefire-test-report-3.0.xsd" version="3.0" name="Logo presence on OrangeHRM home Page" time="0.17" tests="6" errors="2" skipped="3" failures="0">
  <properties>
[...]
</properties>
  <testcase name="" classname="Logo presence on OrangeHRM home Page" time="0"/>
  <testcase name="" classname="Logo presence on OrangeHRM home Page" time="0">
    <error message="The driver executable does not exist: /Applications/chromedriver" type="java.lang.IllegalStateException"><![CDATA[java.lang.IllegalStateException: The driver executable does not exist: /Applications/chromedriver
]]></error>
  </testcase>
  <testcase name="I lounch chrome browser" classname="Logo presence on OrangeHRM home Page" time="0.076">
    <error message="The driver executable does not exist: /Applications/chromedriver" type="java.lang.IllegalStateException"><![CDATA[java.lang.IllegalStateException: The driver executable does not exist: /Applications/chromedriver
]]></error>
  </testcase>
  <testcase name="I open zap hamepage" classname="Logo presence on OrangeHRM home Page" time="0">
    <skipped message="This step is skipped"/>
  </testcase>
  <testcase name="I verify that the logo present on page" classname="Logo presence on OrangeHRM home Page" time="0">
    <skipped message="This step is skipped"/>
  </testcase>
  <testcase name="clouse browser" classname="Logo presence on OrangeHRM home Page" time="0">
    <skipped message="This step is skipped"/>
  </testcase>
</testsuite>