<?xml version="1.0" encoding="UTF-8"?>
<testng-results total="0" passed="0" failed="0" skipped="0">
  <reporter-output>
  </reporter-output>
  <suite started-at="2020-06-21T16:54:37Z" name="com.endava.qa_automation.testRunner.RunTest" finished-at="2020-06-21T16:54:37Z" duration-ms="3">
    <groups>
    </groups>
    <test started-at="2020-06-21T16:54:37Z" name="Command line test" finished-at="2020-06-21T16:54:37Z" duration-ms="3">
    </test> <!-- Command line test -->
  </suite> <!-- com.endava.qa_automation.testRunner.RunTest -->
</testng-results>
